# JRE version: Java(TM) SE Runtime Environment (8.0_201-b09) (build 1.8.0_201-b09)
# Java VM: Java HotSpot(TM) 64-Bit Server VM (25.201-b09 mixed mode bsd-amd64 compressed oops)
Heap:
 PSYoungGen      total 524288K, used 41779K [0x000000076ab00000, 0x000000078ad00000, 0x00000007c0000000)
  eden space 522240K, 8% used [0x000000076ab00000,0x000000076d3cce40,0x000000078a900000)
  from space 2048K, 0% used [0x000000078ab00000,0x000000078ab00000,0x000000078ad00000)
  to   space 2048K, 0% used [0x000000078a900000,0x000000078a900000,0x000000078ab00000)
 ParOldGen       total 175104K, used 4867K [0x00000006c0000000, 0x00000006cab00000, 0x000000076ab00000)
  object space 175104K, 2% used [0x00000006c0000000,0x00000006c04c0ef0,0x00000006cab00000)
 Metaspace       used 20443K, capacity 21128K, committed 21504K, reserved 1069056K
  class space    used 2245K, capacity 2439K, committed 2560K, reserved 1048576K
GC Heap History (10 events):
Event: 32.902 GC heap before
{Heap before GC invocations=162 (full 78):
 PSYoungGen      total 524288K, used 1536K [0x000000076ab00000, 0x000000078ad00000, 0x00000007c0000000)
  eden space 522240K, 0% used [0x000000076ab00000,0x000000076ab00000,0x000000078a900000)
  from space 2048K, 75% used [0x000000078ab00000,0x000000078ac80000,0x000000078ad00000)
  to   space 2048K, 0% used [0x000000078a900000,0x000000078a900000,0x000000078ab00000)
 ParOldGen       total 175104K, used 4867K [0x00000006c0000000, 0x00000006cab00000, 0x000000076ab00000)
  object space 175104K, 2% used [0x00000006c0000000,0x00000006c04c0e50,0x00000006cab00000)
 Metaspace       used 20419K, capacity 21116K, committed 21376K, reserved 1069056K
  class space    used 2241K, capacity 2411K, committed 2432K, reserved 1048576K
Event: 32.924 GC heap after
Heap after GC invocations=162 (full 78):
 PSYoungGen      total 524288K, used 0K [0x000000076ab00000, 0x000000078ad00000, 0x00000007c0000000)
  eden space 522240K, 0% used [0x000000076ab00000,0x000000076ab00000,0x000000078a900000)
  from space 2048K, 0% used [0x000000078ab00000,0x000000078ab00000,0x000000078ad00000)
  to   space 2048K, 0% used [0x000000078a900000,0x000000078a900000,0x000000078ab00000)
 ParOldGen       total 175104K, used 4867K [0x00000006c0000000, 0x00000006cab00000, 0x000000076ab00000)
  object space 175104K, 2% used [0x00000006c0000000,0x00000006c04c0e50,0x00000006cab00000)
 Metaspace       used 20403K, capacity 21096K, committed 21376K, reserved 1069056K
  class space    used 2238K, capacity 2407K, committed 2432K, reserved 1048576K
}
Event: 33.217 GC heap before
{Heap before GC invocations=163 (full 78):
 PSYoungGen      total 524288K, used 355426K [0x000000076ab00000, 0x000000078ad00000, 0x00000007c0000000)
  eden space 522240K, 68% used [0x000000076ab00000,0x0000000780618a58,0x000000078a900000)
  from space 2048K, 0% used [0x000000078ab00000,0x000000078ab00000,0x000000078ad00000)
  to   space 2048K, 0% used [0x000000078a900000,0x000000078a900000,0x000000078ab00000)
 ParOldGen       total 175104K, used 4867K [0x00000006c0000000, 0x00000006cab00000, 0x000000076ab00000)
  object space 175104K, 2% used [0x00000006c0000000,0x00000006c04c0e50,0x00000006cab00000)
 Metaspace       used 20419K, capacity 21116K, committed 21376K, reserved 1069056K
  class space    used 2241K, capacity 2411K, committed 2432K, reserved 1048576K
Event: 33.220 GC heap after
Heap after GC invocations=163 (full 78):
 PSYoungGen      total 524288K, used 1536K [0x000000076ab00000, 0x000000078ad00000, 0x00000007c0000000)
  eden space 522240K, 0% used [0x000000076ab00000,0x000000076ab00000,0x000000078a900000)
  from space 2048K, 75% used [0x000000078a900000,0x000000078aa80000,0x000000078ab00000)
  to   space 2048K, 0% used [0x000000078ab00000,0x000000078ab00000,0x000000078ad00000)
 ParOldGen       total 175104K, used 4867K [0x00000006c0000000, 0x00000006cab00000, 0x000000076ab00000)
  object space 175104K, 2% used [0x00000006c0000000,0x00000006c04c0e50,0x00000006cab00000)
 Metaspace       used 20419K, capacity 21116K, committed 21376K, reserved 1069056K
  class space    used 2241K, capacity 2411K, committed 2432K, reserved 1048576K
}
Event: 33.220 GC heap before
{Heap before GC invocations=164 (full 79):
 PSYoungGen      total 524288K, used 1536K [0x000000076ab00000, 0x000000078ad00000, 0x00000007c0000000)
  eden space 522240K, 0% used [0x000000076ab00000,0x000000076ab00000,0x000000078a900000)
  from space 2048K, 75% used [0x000000078a900000,0x000000078aa80000,0x000000078ab00000)
  to   space 2048K, 0% used [0x000000078ab00000,0x000000078ab00000,0x000000078ad00000)
 ParOldGen       total 175104K, used 4867K [0x00000006c0000000, 0x00000006cab00000, 0x000000076ab00000)
  object space 175104K, 2% used [0x00000006c0000000,0x00000006c04c0e50,0x00000006cab00000)
 Metaspace       used 20419K, capacity 21116K, committed 21376K, reserved 1069056K
  class space    used 2241K, capacity 2411K, committed 2432K, reserved 1048576K
Event: 33.242 GC heap after
Heap after GC invocations=164 (full 79):
 PSYoungGen      total 524288K, used 0K [0x000000076ab00000, 0x000000078ad00000, 0x00000007c0000000)
  eden space 522240K, 0% used [0x000000076ab00000,0x000000076ab00000,0x000000078a900000)
  from space 2048K, 0% used [0x000000078a900000,0x000000078a900000,0x000000078ab00000)
  to   space 2048K, 0% used [0x000000078ab00000,0x000000078ab00000,0x000000078ad00000)
 ParOldGen       total 175104K, used 4867K [0x00000006c0000000, 0x00000006cab00000, 0x000000076ab00000)
  object space 175104K, 2% used [0x00000006c0000000,0x00000006c04c0e50,0x00000006cab00000)
 Metaspace       used 20403K, capacity 21096K, committed 21376K, reserved 1069056K
  class space    used 2238K, capacity 2407K, committed 2432K, reserved 1048576K
}
Event: 33.541 GC heap before
{Heap before GC invocations=165 (full 79):
 PSYoungGen      total 524288K, used 356092K [0x000000076ab00000, 0x000000078ad00000, 0x00000007c0000000)
  eden space 522240K, 68% used [0x000000076ab00000,0x00000007806bf1e0,0x000000078a900000)
  from space 2048K, 0% used [0x000000078a900000,0x000000078a900000,0x000000078ab00000)
  to   space 2048K, 0% used [0x000000078ab00000,0x000000078ab00000,0x000000078ad00000)
 ParOldGen       total 175104K, used 4867K [0x00000006c0000000, 0x00000006cab00000, 0x000000076ab00000)
  object space 175104K, 2% used [0x00000006c0000000,0x00000006c04c0e50,0x00000006cab00000)
 Metaspace       used 20419K, capacity 21116K, committed 21376K, reserved 1069056K
  class space    used 2241K, capacity 2411K, committed 2432K, reserved 1048576K
Event: 33.543 GC heap after
Heap after GC invocations=165 (full 79):
 PSYoungGen      total 524288K, used 1536K [0x000000076ab00000, 0x000000078ad00000, 0x00000007c0000000)
  eden space 522240K, 0% used [0x000000076ab00000,0x000000076ab00000,0x000000078a900000)
  from space 2048K, 75% used [0x000000078ab00000,0x000000078ac80000,0x000000078ad00000)
  to   space 2048K, 0% used [0x000000078a900000,0x000000078a900000,0x000000078ab00000)
 ParOldGen       total 175104K, used 4867K [0x00000006c0000000, 0x00000006cab00000, 0x000000076ab00000)
  object space 175104K, 2% used [0x00000006c0000000,0x00000006c04c0e50,0x00000006cab00000)
 Metaspace       used 20419K, capacity 21116K, committed 21376K, reserved 1069056K
  class space    used 2241K, capacity 2411K, committed 2432K, reserved 1048576K
}
Event: 33.543 GC heap before
{Heap before GC invocations=166 (full 80):
 PSYoungGen      total 524288K, used 1536K [0x000000076ab00000, 0x000000078ad00000, 0x00000007c0000000)
  eden space 522240K, 0% used [0x000000076ab00000,0x000000076ab00000,0x000000078a900000)
  from space 2048K, 75% used [0x000000078ab00000,0x000000078ac80000,0x000000078ad00000)
  to   space 2048K, 0% used [0x000000078a900000,0x000000078a900000,0x000000078ab00000)
 ParOldGen       total 175104K, used 4867K [0x00000006c0000000, 0x00000006cab00000, 0x000000076ab00000)
  object space 175104K, 2% used [0x00000006c0000000,0x00000006c04c0e50,0x00000006cab00000)
 Metaspace       used 20419K, capacity 21116K, committed 21376K, reserved 1069056K
  class space    used 2241K, capacity 2411K, committed 2432K, reserved 1048576K
Event: 33.566 GC heap after
Heap after GC invocations=166 (full 80):
 PSYoungGen      total 524288K, used 0K [0x000000076ab00000, 0x000000078ad00000, 0x00000007c0000000)
  eden space 522240K, 0% used [0x000000076ab00000,0x000000076ab00000,0x000000078a900000)
  from space 2048K, 0% used [0x000000078ab00000,0x000000078ab00000,0x000000078ad00000)
  to   space 2048K, 0% used [0x000000078a900000,0x000000078a900000,0x000000078ab00000)
 ParOldGen       total 175104K, used 4867K [0x00000006c0000000, 0x00000006cab00000, 0x000000076ab00000)
  object space 175104K, 2% used [0x00000006c0000000,0x00000006c04c0ef0,0x00000006cab00000)
 Metaspace       used 20404K, capacity 21096K, committed 21376K, reserved 1069056K
  class space    used 2238K, capacity 2407K, committed 2432K, reserved 1048576K
}

